<?xml version="1.0" encoding="UTF-8"?>
<testng-results ignored="0" total="2" passed="2" failed="0" skipped="0">
  <reporter-output>
  </reporter-output>
  <suite started-at="2023-06-28T17:07:34 AEST" name="Default suite" finished-at="2023-06-28T17:07:34 AEST" duration-ms="165">
    <groups>
    </groups>
    <test started-at="2023-06-28T17:07:34 AEST" name="Default test" finished-at="2023-06-28T17:07:34 AEST" duration-ms="165">
      <class name="day6.SerializationDeserialization">
        <test-method signature="convertJson2Pojo()[pri:0, instance:day6.SerializationDeserialization@4efac082]" started-at="2023-06-28T17:07:34 AEST" name="convertJson2Pojo" finished-at="2023-06-28T17:07:34 AEST" duration-ms="118" status="PASS">
          <reporter-output>
          </reporter-output>
        </test-method> <!-- convertJson2Pojo -->
        <test-method signature="convertoPojo2Json()[pri:0, instance:day6.SerializationDeserialization@4efac082]" started-at="2023-06-28T17:07:34 AEST" name="convertoPojo2Json" finished-at="2023-06-28T17:07:34 AEST" duration-ms="9" status="PASS">
          <reporter-output>
          </reporter-output>
        </test-method> <!-- convertoPojo2Json -->
      </class> <!-- day6.SerializationDeserialization -->
    </test> <!-- Default test -->
  </suite> <!-- Default suite -->
</testng-results>
